<?xml version="1.0" encoding="UTF-8"?>
<coverage generated="1774545847099" clover="3.2.0">
  <project timestamp="1774545847099" name="All files">
    <metrics statements="311" coveredstatements="299" conditionals="115" coveredconditionals="92" methods="54" coveredmethods="53" elements="480" coveredelements="444" complexity="0" loc="311" ncloc="311" packages="1" files="6" classes="6"/>
    <file name="collision.js" path="/Volumes/T7 Shield/Files/Projects/VIBES/flappy_bird/src/collision.js">
      <metrics statements="17" coveredstatements="17" conditionals="8" coveredconditionals="8" methods="5" coveredmethods="5"/>
      <line num="3" count="4" type="stmt"/>
      <line num="6" count="40008" type="stmt"/>
      <line num="7" count="40008" type="stmt"/>
      <line num="8" count="40008" type="stmt"/>
      <line num="9" count="40008" type="stmt"/>
      <line num="10" count="40008" type="stmt"/>
      <line num="14" count="93027" type="stmt"/>
      <line num="15" count="93027" type="stmt"/>
      <line num="16" count="93027" type="stmt"/>
      <line num="17" count="93027" type="stmt"/>
      <line num="18" count="93027" type="stmt"/>
      <line num="22" count="4" type="cond" truecount="4" falsecount="0"/>
      <line num="26" count="3" type="cond" truecount="4" falsecount="0"/>
      <line num="30" count="3" type="stmt"/>
      <line num="31" count="3" type="stmt"/>
      <line num="32" count="3" type="stmt"/>
      <line num="35" count="4" type="stmt"/>
    </file>
    <file name="constants.js" path="/Volumes/T7 Shield/Files/Projects/VIBES/flappy_bird/src/constants.js">
      <metrics statements="54" coveredstatements="54" conditionals="0" coveredconditionals="0" methods="0" coveredmethods="0"/>
      <line num="3" count="5" type="stmt"/>
      <line num="4" count="5" type="stmt"/>
      <line num="6" count="5" type="stmt"/>
      <line num="7" count="5" type="stmt"/>
      <line num="8" count="5" type="stmt"/>
      <line num="9" count="5" type="stmt"/>
      <line num="11" count="5" type="stmt"/>
      <line num="12" count="5" type="stmt"/>
      <line num="13" count="5" type="stmt"/>
      <line num="14" count="5" type="stmt"/>
      <line num="16" count="5" type="stmt"/>
      <line num="17" count="5" type="stmt"/>
      <line num="18" count="5" type="stmt"/>
      <line num="20" count="5" type="stmt"/>
      <line num="21" count="5" type="stmt"/>
      <line num="23" count="5" type="stmt"/>
      <line num="24" count="5" type="stmt"/>
      <line num="25" count="5" type="stmt"/>
      <line num="26" count="5" type="stmt"/>
      <line num="28" count="5" type="stmt"/>
      <line num="29" count="5" type="stmt"/>
      <line num="30" count="5" type="stmt"/>
      <line num="31" count="5" type="stmt"/>
      <line num="32" count="5" type="stmt"/>
      <line num="34" count="5" type="stmt"/>
      <line num="35" count="5" type="stmt"/>
      <line num="36" count="5" type="stmt"/>
      <line num="37" count="5" type="stmt"/>
      <line num="38" count="5" type="stmt"/>
      <line num="39" count="5" type="stmt"/>
      <line num="41" count="5" type="stmt"/>
      <line num="42" count="5" type="stmt"/>
      <line num="43" count="5" type="stmt"/>
      <line num="44" count="5" type="stmt"/>
      <line num="45" count="5" type="stmt"/>
      <line num="46" count="5" type="stmt"/>
      <line num="47" count="5" type="stmt"/>
      <line num="48" count="5" type="stmt"/>
      <line num="49" count="5" type="stmt"/>
      <line num="50" count="5" type="stmt"/>
      <line num="51" count="5" type="stmt"/>
      <line num="52" count="5" type="stmt"/>
      <line num="53" count="5" type="stmt"/>
      <line num="55" count="5" type="stmt"/>
      <line num="56" count="5" type="stmt"/>
      <line num="57" count="5" type="stmt"/>
      <line num="58" count="5" type="stmt"/>
      <line num="59" count="5" type="stmt"/>
      <line num="60" count="5" type="stmt"/>
      <line num="61" count="5" type="stmt"/>
      <line num="62" count="5" type="stmt"/>
      <line num="64" count="5" type="stmt"/>
      <line num="70" count="5" type="stmt"/>
      <line num="72" count="5" type="stmt"/>
    </file>
    <file name="entities.js" path="/Volumes/T7 Shield/Files/Projects/VIBES/flappy_bird/src/entities.js">
      <metrics statements="27" coveredstatements="27" conditionals="3" coveredconditionals="1" methods="9" coveredmethods="9"/>
      <line num="3" count="4" type="stmt"/>
      <line num="4" count="4" type="stmt"/>
      <line num="7" count="61" type="stmt"/>
      <line num="17" count="502" type="cond" truecount="1" falsecount="1"/>
      <line num="18" count="502" type="stmt"/>
      <line num="19" count="502" type="stmt"/>
      <line num="20" count="502" type="stmt"/>
      <line num="22" count="502" type="stmt"/>
      <line num="31" count="1" type="stmt"/>
      <line num="35" count="1" type="stmt"/>
      <line num="39" count="9" type="stmt"/>
      <line num="49" count="202" type="stmt"/>
      <line num="50" count="202" type="stmt"/>
      <line num="51" count="202" type="stmt"/>
      <line num="52" count="202" type="stmt"/>
      <line num="54" count="202" type="stmt"/>
      <line num="64" count="501" type="stmt"/>
      <line num="65" count="501" type="stmt"/>
      <line num="66" count="501" type="stmt"/>
      <line num="68" count="501" type="stmt"/>
      <line num="79" count="501" type="stmt"/>
      <line num="80" count="501" type="stmt"/>
      <line num="81" count="501" type="stmt"/>
      <line num="82" count="501" type="stmt"/>
      <line num="84" count="501" type="stmt"/>
      <line num="94" count="1" type="stmt"/>
      <line num="120" count="4" type="stmt"/>
    </file>
    <file name="gameState.js" path="/Volumes/T7 Shield/Files/Projects/VIBES/flappy_bird/src/gameState.js">
      <metrics statements="184" coveredstatements="172" conditionals="87" coveredconditionals="70" methods="28" coveredmethods="27"/>
      <line num="3" count="3" type="stmt"/>
      <line num="4" count="3" type="stmt"/>
      <line num="5" count="3" type="stmt"/>
      <line num="6" count="3" type="stmt"/>
      <line num="10" count="56" type="cond" truecount="1" falsecount="1"/>
      <line num="11" count="56" type="cond" truecount="2" falsecount="0"/>
      <line num="12" count="56" type="cond" truecount="2" falsecount="0"/>
      <line num="13" count="56" type="cond" truecount="2" falsecount="0"/>
      <line num="14" count="56" type="cond" truecount="2" falsecount="0"/>
      <line num="16" count="56" type="stmt"/>
      <line num="20" count="59" type="stmt"/>
      <line num="21" count="59" type="stmt"/>
      <line num="22" count="59" type="stmt"/>
      <line num="23" count="59" type="stmt"/>
      <line num="24" count="59" type="stmt"/>
      <line num="25" count="59" type="stmt"/>
      <line num="26" count="59" type="stmt"/>
      <line num="27" count="59" type="stmt"/>
      <line num="28" count="59" type="stmt"/>
      <line num="29" count="59" type="stmt"/>
      <line num="30" count="59" type="stmt"/>
      <line num="31" count="59" type="stmt"/>
      <line num="32" count="59" type="stmt"/>
      <line num="33" count="59" type="stmt"/>
      <line num="34" count="59" type="stmt"/>
      <line num="35" count="59" type="stmt"/>
      <line num="36" count="59" type="stmt"/>
      <line num="37" count="59" type="stmt"/>
      <line num="38" count="59" type="stmt"/>
      <line num="39" count="59" type="stmt"/>
      <line num="40" count="59" type="stmt"/>
      <line num="41" count="59" type="stmt"/>
      <line num="45" count="500" type="stmt"/>
      <line num="46" count="500" type="stmt"/>
      <line num="50" count="2104" type="stmt"/>
      <line num="54" count="1102" type="stmt"/>
      <line num="58" count="4" type="stmt"/>
      <line num="59" count="4" type="stmt"/>
      <line num="63" count="4" type="cond" truecount="2" falsecount="0"/>
      <line num="65" count="3" type="stmt"/>
      <line num="66" count="3" type="stmt"/>
      <line num="67" count="3" type="stmt"/>
      <line num="69" count="3" type="cond" truecount="2" falsecount="0"/>
      <line num="70" count="2" type="stmt"/>
      <line num="71" count="2" type="stmt"/>
      <line num="72" count="2" type="stmt"/>
      <line num="74" count="1" type="stmt"/>
      <line num="79" count="2" type="stmt"/>
      <line num="80" count="2" type="stmt"/>
      <line num="81" count="2" type="stmt"/>
      <line num="83" count="2" type="stmt"/>
      <line num="84" count="2" type="stmt"/>
      <line num="86" count="2" type="cond" truecount="2" falsecount="0"/>
      <line num="87" count="1" type="stmt"/>
      <line num="88" count="1" type="stmt"/>
      <line num="93" count="1104" type="stmt"/>
      <line num="94" count="1104" type="stmt"/>
      <line num="95" count="54815" type="stmt"/>
      <line num="96" count="54815" type="stmt"/>
      <line num="98" count="54815" type="cond" truecount="4" falsecount="0"/>
      <line num="99" count="481" type="stmt"/>
      <line num="100" count="481" type="stmt"/>
      <line num="101" count="481" type="stmt"/>
      <line num="102" count="481" type="cond" truecount="1" falsecount="1"/>
      <line num="103" count="481" type="stmt"/>
      <line num="104" count="481" type="stmt"/>
      <line num="108" count="54815" type="cond" truecount="2" falsecount="0"/>
      <line num="109" count="474" type="stmt"/>
      <line num="115" count="102" type="stmt"/>
      <line num="116" count="2109" type="stmt"/>
      <line num="117" count="2109" type="stmt"/>
      <line num="118" count="2109" type="stmt"/>
      <line num="120" count="2109" type="cond" truecount="5" falsecount="0"/>
      <line num="121" count="101" type="stmt"/>
      <line num="127" count="0" type="stmt"/>
      <line num="128" count="0" type="stmt"/>
      <line num="129" count="0" type="stmt"/>
      <line num="130" count="0" type="stmt"/>
      <line num="132" count="0" type="cond" truecount="0" falsecount="6"/>
      <line num="133" count="0" type="stmt"/>
      <line num="139" count="1102" type="stmt"/>
      <line num="140" count="1102" type="stmt"/>
      <line num="141" count="45932" type="stmt"/>
      <line num="142" count="45932" type="stmt"/>
      <line num="144" count="45932" type="cond" truecount="2" falsecount="0"/>
      <line num="145" count="200" type="stmt"/>
      <line num="146" count="200" type="stmt"/>
      <line num="149" count="45932" type="cond" truecount="2" falsecount="0"/>
      <line num="150" count="487" type="stmt"/>
      <line num="156" count="1000" type="stmt"/>
      <line num="157" count="1000" type="stmt"/>
      <line num="158" count="42117" type="stmt"/>
      <line num="159" count="42117" type="stmt"/>
      <line num="160" count="42117" type="stmt"/>
      <line num="162" count="42117" type="cond" truecount="2" falsecount="0"/>
      <line num="163" count="478" type="stmt"/>
      <line num="169" count="1001" type="stmt"/>
      <line num="171" count="1001" type="cond" truecount="2" falsecount="0"/>
      <line num="172" count="60" type="stmt"/>
      <line num="173" count="60" type="stmt"/>
      <line num="175" count="1001" type="cond" truecount="2" falsecount="0"/>
      <line num="176" count="60" type="stmt"/>
      <line num="178" count="1001" type="cond" truecount="2" falsecount="0"/>
      <line num="179" count="61" type="stmt"/>
      <line num="180" count="61" type="cond" truecount="2" falsecount="0"/>
      <line num="181" count="2" type="stmt"/>
      <line num="187" count="1005" type="cond" truecount="2" falsecount="0"/>
      <line num="188" count="2" type="stmt"/>
      <line num="189" count="2" type="stmt"/>
      <line num="192" count="1003" type="stmt"/>
      <line num="193" count="20002" type="cond" truecount="2" falsecount="0"/>
      <line num="194" count="1" type="stmt"/>
      <line num="196" count="20001" type="cond" truecount="1" falsecount="1"/>
      <line num="197" count="0" type="stmt"/>
      <line num="201" count="1002" type="stmt"/>
      <line num="205" count="109" type="stmt"/>
      <line num="206" count="3005" type="stmt"/>
      <line num="207" count="3005" type="stmt"/>
      <line num="208" count="90015" type="stmt"/>
      <line num="209" count="90015" type="cond" truecount="2" falsecount="0"/>
      <line num="210" count="3" type="stmt"/>
      <line num="211" count="3" type="stmt"/>
      <line num="212" count="3" type="cond" truecount="1" falsecount="1"/>
      <line num="213" count="3" type="stmt"/>
      <line num="214" count="3" type="stmt"/>
      <line num="215" count="3" type="cond" truecount="1" falsecount="1"/>
      <line num="216" count="3" type="stmt"/>
      <line num="217" count="3" type="stmt"/>
      <line num="220" count="3" type="stmt"/>
      <line num="225" count="109" type="cond" truecount="2" falsecount="0"/>
      <line num="226" count="107" type="stmt"/>
      <line num="227" count="2" type="stmt"/>
      <line num="228" count="2" type="cond" truecount="1" falsecount="1"/>
      <line num="229" count="2" type="stmt"/>
      <line num="230" count="2" type="stmt"/>
      <line num="231" count="2" type="stmt"/>
      <line num="232" count="2" type="cond" truecount="2" falsecount="0"/>
      <line num="233" count="1" type="stmt"/>
      <line num="235" count="1" type="stmt"/>
      <line num="240" count="108" type="cond" truecount="2" falsecount="0"/>
      <line num="241" count="105" type="stmt"/>
      <line num="242" count="3004" type="cond" truecount="1" falsecount="1"/>
      <line num="243" count="0" type="stmt"/>
      <line num="244" count="0" type="stmt"/>
      <line num="245" count="0" type="cond" truecount="0" falsecount="2"/>
      <line num="246" count="0" type="stmt"/>
      <line num="248" count="0" type="stmt"/>
      <line num="253" count="108" type="stmt"/>
      <line num="254" count="2" type="stmt"/>
      <line num="255" count="2" type="cond" truecount="1" falsecount="1"/>
      <line num="256" count="2" type="stmt"/>
      <line num="257" count="2" type="stmt"/>
      <line num="261" count="108" type="stmt"/>
      <line num="265" count="9" type="cond" truecount="3" falsecount="0"/>
      <line num="267" count="4" type="stmt"/>
      <line num="268" count="4" type="stmt"/>
      <line num="270" count="2" type="stmt"/>
      <line num="271" count="2" type="stmt"/>
      <line num="273" count="3" type="stmt"/>
      <line num="274" count="3" type="stmt"/>
      <line num="275" count="3" type="stmt"/>
      <line num="280" count="1001" type="cond" truecount="2" falsecount="0"/>
      <line num="281" count="500" type="stmt"/>
      <line num="282" count="500" type="stmt"/>
      <line num="287" count="1001" type="cond" truecount="2" falsecount="0"/>
      <line num="288" count="500" type="stmt"/>
      <line num="289" count="500" type="stmt"/>
      <line num="294" count="1001" type="cond" truecount="2" falsecount="0"/>
      <line num="295" count="500" type="stmt"/>
      <line num="296" count="500" type="stmt"/>
      <line num="301" count="2" type="stmt"/>
      <line num="302" count="2" type="stmt"/>
      <line num="303" count="2" type="stmt"/>
      <line num="304" count="2" type="stmt"/>
      <line num="305" count="2" type="stmt"/>
      <line num="306" count="2" type="stmt"/>
      <line num="310" count="3" type="stmt"/>
      <line num="311" count="3" type="stmt"/>
      <line num="312" count="3" type="stmt"/>
      <line num="316" count="2" type="stmt"/>
      <line num="317" count="2" type="stmt"/>
      <line num="321" count="2" type="stmt"/>
      <line num="325" count="2" type="cond" truecount="2" falsecount="0"/>
      <line num="329" count="3" type="stmt"/>
    </file>
    <file name="math.js" path="/Volumes/T7 Shield/Files/Projects/VIBES/flappy_bird/src/math.js">
      <metrics statements="17" coveredstatements="17" conditionals="6" coveredconditionals="6" methods="9" coveredmethods="9"/>
      <line num="4" count="80021" type="stmt"/>
      <line num="8" count="3" type="stmt"/>
      <line num="9" count="3" type="stmt"/>
      <line num="10" count="3" type="stmt"/>
      <line num="14" count="2" type="stmt"/>
      <line num="15" count="2" type="stmt"/>
      <line num="16" count="2" type="stmt"/>
      <line num="20" count="4" type="stmt"/>
      <line num="24" count="4" type="cond" truecount="2" falsecount="0"/>
      <line num="25" count="3" type="stmt"/>
      <line num="29" count="1704" type="stmt"/>
      <line num="33" count="100" type="stmt"/>
      <line num="37" count="1" type="stmt"/>
      <line num="41" count="3" type="cond" truecount="2" falsecount="0"/>
      <line num="42" count="2" type="cond" truecount="2" falsecount="0"/>
      <line num="43" count="1" type="stmt"/>
      <line num="46" count="6" type="stmt"/>
    </file>
    <file name="storage.js" path="/Volumes/T7 Shield/Files/Projects/VIBES/flappy_bird/src/storage.js">
      <metrics statements="12" coveredstatements="12" conditionals="11" coveredconditionals="7" methods="3" coveredmethods="3"/>
      <line num="3" count="4" type="stmt"/>
      <line num="6" count="64" type="stmt"/>
      <line num="7" count="64" type="cond" truecount="2" falsecount="0"/>
      <line num="8" count="63" type="cond" truecount="2" falsecount="0"/>
      <line num="10" count="1" type="stmt"/>
      <line num="15" count="487" type="stmt"/>
      <line num="16" count="487" type="cond" truecount="2" falsecount="0"/>
      <line num="17" count="486" type="stmt"/>
      <line num="24" count="1" type="stmt"/>
      <line num="25" count="1" type="cond" truecount="1" falsecount="1"/>
      <line num="26" count="1" type="stmt"/>
      <line num="32" count="4" type="stmt"/>
    </file>
  </project>
</coverage>
