{"/Volumes/T7 Shield/Files/Projects/VIBES/flappy_bird/src/collision.js": {"path":"/Volumes/T7 Shield/Files/Projects/VIBES/flappy_bird/src/collision.js","statementMap":{"0":{"start":{"line":3,"column":18},"end":{"line":3,"column":35}},"1":{"start":{"line":6,"column":19},"end":{"line":6,"column":41}},"2":{"start":{"line":7,"column":19},"end":{"line":7,"column":41}},"3":{"start":{"line":8,"column":13},"end":{"line":8,"column":26}},"4":{"start":{"line":9,"column":13},"end":{"line":9,"column":26}},"5":{"start":{"line":10,"column":2},"end":{"line":10,"column":37}},"6":{"start":{"line":14,"column":13},"end":{"line":14,"column":20}},"7":{"start":{"line":15,"column":13},"end":{"line":15,"column":20}},"8":{"start":{"line":16,"column":15},"end":{"line":16,"column":32}},"9":{"start":{"line":17,"column":16},"end":{"line":17,"column":23}},"10":{"start":{"line":18,"column":2},"end":{"line":18,"column":30}},"11":{"start":{"line":22,"column":2},"end":{"line":22,"column":70}},"12":{"start":{"line":26,"column":2},"end":{"line":26,"column":64}},"13":{"start":{"line":30,"column":13},"end":{"line":30,"column":20}},"14":{"start":{"line":31,"column":13},"end":{"line":31,"column":20}},"15":{"start":{"line":32,"column":2},"end":{"line":32,"column":37}},"16":{"start":{"line":35,"column":0},"end":{"line":41,"column":2}}},"fnMap":{"0":{"name":"circleRectCollision","decl":{"start":{"line":5,"column":9},"end":{"line":5,"column":28}},"loc":{"start":{"line":5,"column":57},"end":{"line":11,"column":1}},"line":5},"1":{"name":"circleCircleCollision","decl":{"start":{"line":13,"column":9},"end":{"line":13,"column":30}},"loc":{"start":{"line":13,"column":55},"end":{"line":19,"column":1}},"line":13},"2":{"name":"rectRectCollision","decl":{"start":{"line":21,"column":9},"end":{"line":21,"column":26}},"loc":{"start":{"line":21,"column":59},"end":{"line":23,"column":1}},"line":21},"3":{"name":"pointInRect","decl":{"start":{"line":25,"column":9},"end":{"line":25,"column":20}},"loc":{"start":{"line":25,"column":45},"end":{"line":27,"column":1}},"line":25},"4":{"name":"pointInCircle","decl":{"start":{"line":29,"column":9},"end":{"line":29,"column":22}},"loc":{"start":{"line":29,"column":43},"end":{"line":33,"column":1}},"line":29}},"branchMap":{"0":{"loc":{"start":{"line":22,"column":9},"end":{"line":22,"column":69}},"type":"binary-expr","locations":[{"start":{"line":22,"column":9},"end":{"line":22,"column":21}},{"start":{"line":22,"column":25},"end":{"line":22,"column":37}},{"start":{"line":22,"column":41},"end":{"line":22,"column":53}},{"start":{"line":22,"column":57},"end":{"line":22,"column":69}}],"line":22},"1":{"loc":{"start":{"line":26,"column":9},"end":{"line":26,"column":63}},"type":"binary-expr","locations":[{"start":{"line":26,"column":9},"end":{"line":26,"column":17}},{"start":{"line":26,"column":21},"end":{"line":26,"column":34}},{"start":{"line":26,"column":38},"end":{"line":26,"column":46}},{"start":{"line":26,"column":50},"end":{"line":26,"column":63}}],"line":26}},"s":{"0":4,"1":40008,"2":40008,"3":40008,"4":40008,"5":40008,"6":93027,"7":93027,"8":93027,"9":93027,"10":93027,"11":4,"12":3,"13":3,"14":3,"15":3,"16":4},"f":{"0":40008,"1":93027,"2":4,"3":3,"4":3},"b":{"0":[4,4,3,3],"1":[3,3,2,2]},"_coverageSchema":"1a1c01bbd47fc00a2c39e90264f33305004495a9","hash":"f21294f55e42cfa7346cf65253801b240c6069b9"}
,"/Volumes/T7 Shield/Files/Projects/VIBES/flappy_bird/src/constants.js": {"path":"/Volumes/T7 Shield/Files/Projects/VIBES/flappy_bird/src/constants.js","statementMap":{"0":{"start":{"line":3,"column":19},"end":{"line":3,"column":22}},"1":{"start":{"line":4,"column":20},"end":{"line":4,"column":23}},"2":{"start":{"line":6,"column":16},"end":{"line":6,"column":20}},"3":{"start":{"line":7,"column":22},"end":{"line":7,"column":26}},"4":{"start":{"line":8,"column":15},"end":{"line":8,"column":17}},"5":{"start":{"line":9,"column":20},"end":{"line":9,"column":22}},"6":{"start":{"line":11,"column":19},"end":{"line":11,"column":21}},"7":{"start":{"line":12,"column":28},"end":{"line":12,"column":32}},"8":{"start":{"line":13,"column":24},"end":{"line":13,"column":27}},"9":{"start":{"line":14,"column":29},"end":{"line":14,"column":33}},"10":{"start":{"line":16,"column":22},"end":{"line":16,"column":25}},"11":{"start":{"line":17,"column":21},"end":{"line":17,"column":24}},"12":{"start":{"line":18,"column":25},"end":{"line":18,"column":26}},"13":{"start":{"line":20,"column":22},"end":{"line":20,"column":24}},"14":{"start":{"line":21,"column":17},"end":{"line":21,"column":44}},"15":{"start":{"line":23,"column":26},"end":{"line":23,"column":27}},"16":{"start":{"line":24,"column":21},"end":{"line":24,"column":23}},"17":{"start":{"line":25,"column":22},"end":{"line":25,"column":23}},"18":{"start":{"line":26,"column":24},"end":{"line":26,"column":27}},"19":{"start":{"line":28,"column":29},"end":{"line":28,"column":33}},"20":{"start":{"line":29,"column":25},"end":{"line":29,"column":28}},"21":{"start":{"line":30,"column":27},"end":{"line":30,"column":28}},"22":{"start":{"line":31,"column":28},"end":{"line":31,"column":32}},"23":{"start":{"line":32,"column":21},"end":{"line":32,"column":23}},"24":{"start":{"line":34,"column":31},"end":{"line":34,"column":35}},"25":{"start":{"line":35,"column":23},"end":{"line":35,"column":25}},"26":{"start":{"line":36,"column":31},"end":{"line":36,"column":35}},"27":{"start":{"line":37,"column":27},"end":{"line":37,"column":31}},"28":{"start":{"line":38,"column":34},"end":{"line":38,"column":39}},"29":{"start":{"line":39,"column":37},"end":{"line":39,"column":40}},"30":{"start":{"line":41,"column":22},"end":{"line":41,"column":31}},"31":{"start":{"line":42,"column":25},"end":{"line":42,"column":34}},"32":{"start":{"line":43,"column":21},"end":{"line":43,"column":30}},"33":{"start":{"line":44,"column":26},"end":{"line":44,"column":35}},"34":{"start":{"line":45,"column":19},"end":{"line":45,"column":28}},"35":{"start":{"line":46,"column":24},"end":{"line":46,"column":33}},"36":{"start":{"line":47,"column":23},"end":{"line":47,"column":32}},"37":{"start":{"line":48,"column":24},"end":{"line":48,"column":33}},"38":{"start":{"line":49,"column":25},"end":{"line":49,"column":34}},"39":{"start":{"line":50,"column":24},"end":{"line":50,"column":33}},"40":{"start":{"line":51,"column":24},"end":{"line":51,"column":33}},"41":{"start":{"line":52,"column":29},"end":{"line":52,"column":38}},"42":{"start":{"line":53,"column":29},"end":{"line":53,"column":38}},"43":{"start":{"line":55,"column":28},"end":{"line":55,"column":37}},"44":{"start":{"line":56,"column":20},"end":{"line":56,"column":29}},"45":{"start":{"line":57,"column":27},"end":{"line":57,"column":36}},"46":{"start":{"line":58,"column":26},"end":{"line":58,"column":35}},"47":{"start":{"line":59,"column":27},"end":{"line":59,"column":36}},"48":{"start":{"line":60,"column":36},"end":{"line":60,"column":45}},"49":{"start":{"line":61,"column":32},"end":{"line":61,"column":41}},"50":{"start":{"line":62,"column":33},"end":{"line":62,"column":42}},"51":{"start":{"line":64,"column":22},"end":{"line":68,"column":1}},"52":{"start":{"line":70,"column":14},"end":{"line":70,"column":52}},"53":{"start":{"line":72,"column":0},"end":{"line":126,"column":2}}},"fnMap":{},"branchMap":{},"s":{"0":5,"1":5,"2":5,"3":5,"4":5,"5":5,"6":5,"7":5,"8":5,"9":5,"10":5,"11":5,"12":5,"13":5,"14":5,"15":5,"16":5,"17":5,"18":5,"19":5,"20":5,"21":5,"22":5,"23":5,"24":5,"25":5,"26":5,"27":5,"28":5,"29":5,"30":5,"31":5,"32":5,"33":5,"34":5,"35":5,"36":5,"37":5,"38":5,"39":5,"40":5,"41":5,"42":5,"43":5,"44":5,"45":5,"46":5,"47":5,"48":5,"49":5,"50":5,"51":5,"52":5,"53":5},"f":{},"b":{},"_coverageSchema":"1a1c01bbd47fc00a2c39e90264f33305004495a9","hash":"c156733401c530efbf5d90006b69f1a12350c5d4"}
,"/Volumes/T7 Shield/Files/Projects/VIBES/flappy_bird/src/entities.js": {"path":"/Volumes/T7 Shield/Files/Projects/VIBES/flappy_bird/src/entities.js","statementMap":{"0":{"start":{"line":3,"column":18},"end":{"line":3,"column":40}},"1":{"start":{"line":4,"column":24},"end":{"line":4,"column":41}},"2":{"start":{"line":7,"column":2},"end":{"line":13,"column":4}},"3":{"start":{"line":17,"column":14},"end":{"line":17,"column":68}},"4":{"start":{"line":18,"column":17},"end":{"line":18,"column":19}},"5":{"start":{"line":19,"column":17},"end":{"line":19,"column":46}},"6":{"start":{"line":20,"column":20},"end":{"line":20,"column":47}},"7":{"start":{"line":22,"column":2},"end":{"line":27,"column":4}},"8":{"start":{"line":31,"column":2},"end":{"line":31,"column":33}},"9":{"start":{"line":35,"column":2},"end":{"line":35,"column":36}},"10":{"start":{"line":39,"column":2},"end":{"line":45,"column":4}},"11":{"start":{"line":49,"column":13},"end":{"line":49,"column":24}},"12":{"start":{"line":50,"column":13},"end":{"line":50,"column":24}},"13":{"start":{"line":51,"column":15},"end":{"line":51,"column":43}},"14":{"start":{"line":52,"column":16},"end":{"line":52,"column":44}},"15":{"start":{"line":54,"column":2},"end":{"line":60,"column":4}},"16":{"start":{"line":64,"column":15},"end":{"line":64,"column":17}},"17":{"start":{"line":65,"column":15},"end":{"line":65,"column":38}},"18":{"start":{"line":66,"column":12},"end":{"line":66,"column":35}},"19":{"start":{"line":68,"column":2},"end":{"line":75,"column":4}},"20":{"start":{"line":79,"column":15},"end":{"line":79,"column":17}},"21":{"start":{"line":80,"column":15},"end":{"line":80,"column":38}},"22":{"start":{"line":81,"column":12},"end":{"line":81,"column":35}},"23":{"start":{"line":82,"column":15},"end":{"line":82,"column":44}},"24":{"start":{"line":84,"column":2},"end":{"line":90,"column":4}},"25":{"start":{"line":94,"column":2},"end":{"line":117,"column":4}},"26":{"start":{"line":120,"column":0},"end":{"line":130,"column":2}}},"fnMap":{"0":{"name":"createBird","decl":{"start":{"line":6,"column":9},"end":{"line":6,"column":19}},"loc":{"start":{"line":6,"column":22},"end":{"line":14,"column":1}},"line":6},"1":{"name":"createPipe","decl":{"start":{"line":16,"column":9},"end":{"line":16,"column":19}},"loc":{"start":{"line":16,"column":33},"end":{"line":28,"column":1}},"line":16},"2":{"name":"currentGap","decl":{"start":{"line":30,"column":9},"end":{"line":30,"column":19}},"loc":{"start":{"line":30,"column":22},"end":{"line":32,"column":1}},"line":30},"3":{"name":"currentEnemySpeed","decl":{"start":{"line":34,"column":9},"end":{"line":34,"column":26}},"loc":{"start":{"line":34,"column":29},"end":{"line":36,"column":1}},"line":34},"4":{"name":"createPlayerBullet","decl":{"start":{"line":38,"column":9},"end":{"line":38,"column":27}},"loc":{"start":{"line":38,"column":46},"end":{"line":46,"column":1}},"line":38},"5":{"name":"createEnemyBullet","decl":{"start":{"line":48,"column":9},"end":{"line":48,"column":26}},"loc":{"start":{"line":48,"column":51},"end":{"line":61,"column":1}},"line":48},"6":{"name":"createEnemy","decl":{"start":{"line":63,"column":9},"end":{"line":63,"column":20}},"loc":{"start":{"line":63,"column":23},"end":{"line":76,"column":1}},"line":63},"7":{"name":"createPowerup","decl":{"start":{"line":78,"column":9},"end":{"line":78,"column":22}},"loc":{"start":{"line":78,"column":25},"end":{"line":91,"column":1}},"line":78},"8":{"name":"createGameState","decl":{"start":{"line":93,"column":9},"end":{"line":93,"column":24}},"loc":{"start":{"line":93,"column":27},"end":{"line":118,"column":1}},"line":93}},"branchMap":{"0":{"loc":{"start":{"line":17,"column":14},"end":{"line":17,"column":68}},"type":"cond-expr","locations":[{"start":{"line":17,"column":42},"end":{"line":17,"column":53}},{"start":{"line":17,"column":56},"end":{"line":17,"column":68}}],"line":17},"1":{"loc":{"start":{"line":38,"column":34},"end":{"line":38,"column":44}},"type":"default-arg","locations":[{"start":{"line":38,"column":43},"end":{"line":38,"column":44}}],"line":38}},"s":{"0":4,"1":4,"2":61,"3":502,"4":502,"5":502,"6":502,"7":502,"8":1,"9":1,"10":9,"11":202,"12":202,"13":202,"14":202,"15":202,"16":501,"17":501,"18":501,"19":501,"20":501,"21":501,"22":501,"23":501,"24":501,"25":1,"26":4},"f":{"0":61,"1":502,"2":1,"3":1,"4":9,"5":202,"6":501,"7":501,"8":1},"b":{"0":[502,0],"1":[0]},"_coverageSchema":"1a1c01bbd47fc00a2c39e90264f33305004495a9","hash":"53b077ea01d46fc678a990fd54d5e4ab30b503c6"}
,"/Volumes/T7 Shield/Files/Projects/VIBES/flappy_bird/src/gameState.js": {"path":"/Volumes/T7 Shield/Files/Projects/VIBES/flappy_bird/src/gameState.js","statementMap":{"0":{"start":{"line":3,"column":18},"end":{"line":3,"column":40}},"1":{"start":{"line":4,"column":102},"end":{"line":4,"column":123}},"2":{"start":{"line":5,"column":55},"end":{"line":5,"column":77}},"3":{"start":{"line":6,"column":41},"end":{"line":6,"column":61}},"4":{"start":{"line":10,"column":4},"end":{"line":10,"column":59}},"5":{"start":{"line":11,"column":4},"end":{"line":11,"column":66}},"6":{"start":{"line":12,"column":4},"end":{"line":12,"column":62}},"7":{"start":{"line":13,"column":4},"end":{"line":13,"column":56}},"8":{"start":{"line":14,"column":4},"end":{"line":14,"column":50}},"9":{"start":{"line":16,"column":4},"end":{"line":16,"column":17}},"10":{"start":{"line":20,"column":4},"end":{"line":20,"column":29}},"11":{"start":{"line":21,"column":4},"end":{"line":21,"column":20}},"12":{"start":{"line":22,"column":4},"end":{"line":22,"column":28}},"13":{"start":{"line":23,"column":4},"end":{"line":23,"column":22}},"14":{"start":{"line":24,"column":4},"end":{"line":24,"column":27}},"15":{"start":{"line":25,"column":4},"end":{"line":25,"column":23}},"16":{"start":{"line":26,"column":4},"end":{"line":26,"column":19}},"17":{"start":{"line":27,"column":4},"end":{"line":27,"column":50}},"18":{"start":{"line":28,"column":4},"end":{"line":28,"column":52}},"19":{"start":{"line":29,"column":4},"end":{"line":29,"column":29}},"20":{"start":{"line":30,"column":4},"end":{"line":30,"column":27}},"21":{"start":{"line":31,"column":4},"end":{"line":31,"column":28}},"22":{"start":{"line":32,"column":4},"end":{"line":32,"column":28}},"23":{"start":{"line":33,"column":4},"end":{"line":33,"column":30}},"24":{"start":{"line":34,"column":4},"end":{"line":34,"column":26}},"25":{"start":{"line":35,"column":4},"end":{"line":35,"column":24}},"26":{"start":{"line":36,"column":4},"end":{"line":36,"column":26}},"27":{"start":{"line":37,"column":4},"end":{"line":37,"column":32}},"28":{"start":{"line":38,"column":4},"end":{"line":38,"column":28}},"29":{"start":{"line":39,"column":4},"end":{"line":39,"column":29}},"30":{"start":{"line":40,"column":4},"end":{"line":40,"column":37}},"31":{"start":{"line":41,"column":4},"end":{"line":41,"column":43}},"32":{"start":{"line":45,"column":19},"end":{"line":45,"column":49}},"33":{"start":{"line":46,"column":4},"end":{"line":46,"column":78}},"34":{"start":{"line":50,"column":4},"end":{"line":50,"column":99}},"35":{"start":{"line":54,"column":4},"end":{"line":54,"column":74}},"36":{"start":{"line":58,"column":4},"end":{"line":58,"column":43}},"37":{"start":{"line":59,"column":4},"end":{"line":59,"column":28}},"38":{"start":{"line":63,"column":4},"end":{"line":63,"column":76}},"39":{"start":{"line":63,"column":69},"end":{"line":63,"column":76}},"40":{"start":{"line":65,"column":4},"end":{"line":65,"column":36}},"41":{"start":{"line":66,"column":20},"end":{"line":66,"column":55}},"42":{"start":{"line":67,"column":20},"end":{"line":67,"column":31}},"43":{"start":{"line":69,"column":4},"end":{"line":75,"column":5}},"44":{"start":{"line":70,"column":6},"end":{"line":70,"column":74}},"45":{"start":{"line":71,"column":6},"end":{"line":71,"column":71}},"46":{"start":{"line":72,"column":6},"end":{"line":72,"column":73}},"47":{"start":{"line":74,"column":6},"end":{"line":74,"column":71}},"48":{"start":{"line":79,"column":4},"end":{"line":79,"column":43}},"49":{"start":{"line":80,"column":4},"end":{"line":80,"column":37}},"50":{"start":{"line":81,"column":4},"end":{"line":81,"column":63}},"51":{"start":{"line":83,"column":22},"end":{"line":83,"column":67}},"52":{"start":{"line":84,"column":4},"end":{"line":84,"column":71}},"53":{"start":{"line":86,"column":4},"end":{"line":89,"column":5}},"54":{"start":{"line":87,"column":6},"end":{"line":87,"column":42}},"55":{"start":{"line":88,"column":6},"end":{"line":88,"column":23}},"56":{"start":{"line":93,"column":18},"end":{"line":93,"column":37}},"57":{"start":{"line":94,"column":4},"end":{"line":111,"column":5}},"58":{"start":{"line":94,"column":17},"end":{"line":94,"column":38}},"59":{"start":{"line":95,"column":19},"end":{"line":95,"column":32}},"60":{"start":{"line":96,"column":6},"end":{"line":96,"column":27}},"61":{"start":{"line":98,"column":6},"end":{"line":106,"column":7}},"62":{"start":{"line":99,"column":8},"end":{"line":99,"column":27}},"63":{"start":{"line":100,"column":8},"end":{"line":100,"column":43}},"64":{"start":{"line":101,"column":8},"end":{"line":101,"column":40}},"65":{"start":{"line":102,"column":8},"end":{"line":105,"column":9}},"66":{"start":{"line":103,"column":10},"end":{"line":103,"column":38}},"67":{"start":{"line":104,"column":10},"end":{"line":104,"column":55}},"68":{"start":{"line":108,"column":6},"end":{"line":110,"column":7}},"69":{"start":{"line":109,"column":8},"end":{"line":109,"column":32}},"70":{"start":{"line":115,"column":4},"end":{"line":123,"column":5}},"71":{"start":{"line":115,"column":17},"end":{"line":115,"column":46}},"72":{"start":{"line":116,"column":21},"end":{"line":116,"column":42}},"73":{"start":{"line":117,"column":6},"end":{"line":117,"column":33}},"74":{"start":{"line":118,"column":6},"end":{"line":118,"column":33}},"75":{"start":{"line":120,"column":6},"end":{"line":122,"column":7}},"76":{"start":{"line":121,"column":8},"end":{"line":121,"column":40}},"77":{"start":{"line":127,"column":4},"end":{"line":135,"column":5}},"78":{"start":{"line":127,"column":17},"end":{"line":127,"column":45}},"79":{"start":{"line":128,"column":21},"end":{"line":128,"column":41}},"80":{"start":{"line":129,"column":6},"end":{"line":129,"column":33}},"81":{"start":{"line":130,"column":6},"end":{"line":130,"column":33}},"82":{"start":{"line":132,"column":6},"end":{"line":134,"column":7}},"83":{"start":{"line":133,"column":8},"end":{"line":133,"column":39}},"84":{"start":{"line":139,"column":18},"end":{"line":139,"column":42}},"85":{"start":{"line":140,"column":4},"end":{"line":152,"column":5}},"86":{"start":{"line":140,"column":17},"end":{"line":140,"column":40}},"87":{"start":{"line":141,"column":20},"end":{"line":141,"column":35}},"88":{"start":{"line":142,"column":6},"end":{"line":142,"column":28}},"89":{"start":{"line":144,"column":6},"end":{"line":147,"column":7}},"90":{"start":{"line":145,"column":8},"end":{"line":145,"column":35}},"91":{"start":{"line":146,"column":8},"end":{"line":146,"column":94}},"92":{"start":{"line":149,"column":6},"end":{"line":151,"column":7}},"93":{"start":{"line":150,"column":8},"end":{"line":150,"column":34}},"94":{"start":{"line":156,"column":18},"end":{"line":156,"column":37}},"95":{"start":{"line":157,"column":4},"end":{"line":165,"column":5}},"96":{"start":{"line":157,"column":17},"end":{"line":157,"column":41}},"97":{"start":{"line":158,"column":22},"end":{"line":158,"column":38}},"98":{"start":{"line":159,"column":6},"end":{"line":159,"column":30}},"99":{"start":{"line":160,"column":6},"end":{"line":160,"column":31}},"100":{"start":{"line":162,"column":6},"end":{"line":164,"column":7}},"101":{"start":{"line":163,"column":8},"end":{"line":163,"column":35}},"102":{"start":{"line":169,"column":17},"end":{"line":169,"column":28}},"103":{"start":{"line":171,"column":4},"end":{"line":174,"column":5}},"104":{"start":{"line":172,"column":6},"end":{"line":172,"column":38}},"105":{"start":{"line":173,"column":6},"end":{"line":173,"column":43}},"106":{"start":{"line":175,"column":4},"end":{"line":177,"column":5}},"107":{"start":{"line":176,"column":6},"end":{"line":176,"column":34}},"108":{"start":{"line":178,"column":4},"end":{"line":183,"column":5}},"109":{"start":{"line":179,"column":6},"end":{"line":179,"column":35}},"110":{"start":{"line":180,"column":6},"end":{"line":182,"column":7}},"111":{"start":{"line":181,"column":8},"end":{"line":181,"column":33}},"112":{"start":{"line":187,"column":4},"end":{"line":190,"column":5}},"113":{"start":{"line":188,"column":6},"end":{"line":188,"column":63}},"114":{"start":{"line":189,"column":6},"end":{"line":189,"column":18}},"115":{"start":{"line":192,"column":4},"end":{"line":199,"column":5}},"116":{"start":{"line":193,"column":6},"end":{"line":195,"column":7}},"117":{"start":{"line":194,"column":8},"end":{"line":194,"column":20}},"118":{"start":{"line":196,"column":6},"end":{"line":198,"column":7}},"119":{"start":{"line":197,"column":8},"end":{"line":197,"column":20}},"120":{"start":{"line":201,"column":4},"end":{"line":201,"column":17}},"121":{"start":{"line":205,"column":4},"end":{"line":223,"column":5}},"122":{"start":{"line":205,"column":17},"end":{"line":205,"column":46}},"123":{"start":{"line":206,"column":21},"end":{"line":206,"column":42}},"124":{"start":{"line":207,"column":6},"end":{"line":222,"column":7}},"125":{"start":{"line":207,"column":19},"end":{"line":207,"column":42}},"126":{"start":{"line":208,"column":22},"end":{"line":208,"column":37}},"127":{"start":{"line":209,"column":8},"end":{"line":221,"column":9}},"128":{"start":{"line":210,"column":10},"end":{"line":210,"column":42}},"129":{"start":{"line":211,"column":10},"end":{"line":211,"column":25}},"130":{"start":{"line":212,"column":10},"end":{"line":219,"column":11}},"131":{"start":{"line":213,"column":12},"end":{"line":213,"column":38}},"132":{"start":{"line":214,"column":12},"end":{"line":214,"column":51}},"133":{"start":{"line":215,"column":12},"end":{"line":218,"column":13}},"134":{"start":{"line":216,"column":14},"end":{"line":216,"column":42}},"135":{"start":{"line":217,"column":14},"end":{"line":217,"column":59}},"136":{"start":{"line":220,"column":10},"end":{"line":220,"column":16}},"137":{"start":{"line":225,"column":4},"end":{"line":238,"column":5}},"138":{"start":{"line":226,"column":6},"end":{"line":237,"column":7}},"139":{"start":{"line":226,"column":19},"end":{"line":226,"column":47}},"140":{"start":{"line":227,"column":23},"end":{"line":227,"column":43}},"141":{"start":{"line":228,"column":8},"end":{"line":236,"column":9}},"142":{"start":{"line":229,"column":10},"end":{"line":229,"column":41}},"143":{"start":{"line":230,"column":10},"end":{"line":230,"column":30}},"144":{"start":{"line":231,"column":10},"end":{"line":231,"column":41}},"145":{"start":{"line":232,"column":10},"end":{"line":234,"column":11}},"146":{"start":{"line":233,"column":12},"end":{"line":233,"column":24}},"147":{"start":{"line":235,"column":10},"end":{"line":235,"column":16}},"148":{"start":{"line":240,"column":4},"end":{"line":251,"column":5}},"149":{"start":{"line":241,"column":6},"end":{"line":250,"column":7}},"150":{"start":{"line":242,"column":8},"end":{"line":249,"column":9}},"151":{"start":{"line":243,"column":10},"end":{"line":243,"column":30}},"152":{"start":{"line":244,"column":10},"end":{"line":244,"column":41}},"153":{"start":{"line":245,"column":10},"end":{"line":247,"column":11}},"154":{"start":{"line":246,"column":12},"end":{"line":246,"column":24}},"155":{"start":{"line":248,"column":10},"end":{"line":248,"column":16}},"156":{"start":{"line":253,"column":4},"end":{"line":259,"column":5}},"157":{"start":{"line":253,"column":17},"end":{"line":253,"column":41}},"158":{"start":{"line":254,"column":22},"end":{"line":254,"column":38}},"159":{"start":{"line":255,"column":6},"end":{"line":258,"column":7}},"160":{"start":{"line":256,"column":8},"end":{"line":256,"column":35}},"161":{"start":{"line":257,"column":8},"end":{"line":257,"column":40}},"162":{"start":{"line":261,"column":4},"end":{"line":261,"column":17}},"163":{"start":{"line":265,"column":4},"end":{"line":276,"column":5}},"164":{"start":{"line":267,"column":8},"end":{"line":267,"column":67}},"165":{"start":{"line":268,"column":8},"end":{"line":268,"column":14}},"166":{"start":{"line":270,"column":8},"end":{"line":270,"column":59}},"167":{"start":{"line":271,"column":8},"end":{"line":271,"column":14}},"168":{"start":{"line":273,"column":8},"end":{"line":273,"column":67}},"169":{"start":{"line":274,"column":8},"end":{"line":274,"column":33}},"170":{"start":{"line":275,"column":8},"end":{"line":275,"column":14}},"171":{"start":{"line":280,"column":4},"end":{"line":283,"column":5}},"172":{"start":{"line":281,"column":6},"end":{"line":281,"column":53}},"173":{"start":{"line":282,"column":6},"end":{"line":282,"column":37}},"174":{"start":{"line":287,"column":4},"end":{"line":290,"column":5}},"175":{"start":{"line":288,"column":6},"end":{"line":288,"column":39}},"176":{"start":{"line":289,"column":6},"end":{"line":289,"column":38}},"177":{"start":{"line":294,"column":4},"end":{"line":297,"column":5}},"178":{"start":{"line":295,"column":6},"end":{"line":295,"column":42}},"179":{"start":{"line":296,"column":6},"end":{"line":296,"column":40}},"180":{"start":{"line":301,"column":4},"end":{"line":301,"column":45}},"181":{"start":{"line":302,"column":4},"end":{"line":302,"column":21}},"182":{"start":{"line":303,"column":4},"end":{"line":303,"column":35}},"183":{"start":{"line":304,"column":4},"end":{"line":304,"column":36}},"184":{"start":{"line":305,"column":4},"end":{"line":305,"column":38}},"185":{"start":{"line":306,"column":4},"end":{"line":306,"column":20}},"186":{"start":{"line":310,"column":4},"end":{"line":310,"column":47}},"187":{"start":{"line":311,"column":4},"end":{"line":311,"column":24}},"188":{"start":{"line":312,"column":4},"end":{"line":312,"column":23}},"189":{"start":{"line":316,"column":4},"end":{"line":316,"column":19}},"190":{"start":{"line":317,"column":4},"end":{"line":317,"column":20}},"191":{"start":{"line":321,"column":4},"end":{"line":321,"column":39}},"192":{"start":{"line":325,"column":4},"end":{"line":325,"column":134}},"193":{"start":{"line":329,"column":0},"end":{"line":329,"column":31}}},"fnMap":{"0":{"name":"(anonymous_0)","decl":{"start":{"line":9,"column":2},"end":{"line":9,"column":3}},"loc":{"start":{"line":9,"column":28},"end":{"line":17,"column":3}},"line":9},"1":{"name":"(anonymous_1)","decl":{"start":{"line":12,"column":52},"end":{"line":12,"column":53}},"loc":{"start":{"line":12,"column":58},"end":{"line":12,"column":60}},"line":12},"2":{"name":"(anonymous_2)","decl":{"start":{"line":13,"column":46},"end":{"line":13,"column":47}},"loc":{"start":{"line":13,"column":52},"end":{"line":13,"column":54}},"line":13},"3":{"name":"(anonymous_3)","decl":{"start":{"line":14,"column":40},"end":{"line":14,"column":41}},"loc":{"start":{"line":14,"column":46},"end":{"line":14,"column":48}},"line":14},"4":{"name":"(anonymous_4)","decl":{"start":{"line":19,"column":2},"end":{"line":19,"column":3}},"loc":{"start":{"line":19,"column":10},"end":{"line":42,"column":3}},"line":19},"5":{"name":"(anonymous_5)","decl":{"start":{"line":44,"column":2},"end":{"line":44,"column":3}},"loc":{"start":{"line":44,"column":15},"end":{"line":47,"column":3}},"line":44},"6":{"name":"(anonymous_6)","decl":{"start":{"line":49,"column":2},"end":{"line":49,"column":3}},"loc":{"start":{"line":49,"column":17},"end":{"line":51,"column":3}},"line":49},"7":{"name":"(anonymous_7)","decl":{"start":{"line":53,"column":2},"end":{"line":53,"column":3}},"loc":{"start":{"line":53,"column":22},"end":{"line":55,"column":3}},"line":53},"8":{"name":"(anonymous_8)","decl":{"start":{"line":57,"column":2},"end":{"line":57,"column":3}},"loc":{"start":{"line":57,"column":13},"end":{"line":60,"column":3}},"line":57},"9":{"name":"(anonymous_9)","decl":{"start":{"line":62,"column":2},"end":{"line":62,"column":3}},"loc":{"start":{"line":62,"column":24},"end":{"line":76,"column":3}},"line":62},"10":{"name":"(anonymous_10)","decl":{"start":{"line":78,"column":2},"end":{"line":78,"column":3}},"loc":{"start":{"line":78,"column":17},"end":{"line":90,"column":3}},"line":78},"11":{"name":"(anonymous_11)","decl":{"start":{"line":92,"column":2},"end":{"line":92,"column":3}},"loc":{"start":{"line":92,"column":18},"end":{"line":112,"column":3}},"line":92},"12":{"name":"(anonymous_12)","decl":{"start":{"line":114,"column":2},"end":{"line":114,"column":3}},"loc":{"start":{"line":114,"column":26},"end":{"line":124,"column":3}},"line":114},"13":{"name":"(anonymous_13)","decl":{"start":{"line":126,"column":2},"end":{"line":126,"column":3}},"loc":{"start":{"line":126,"column":25},"end":{"line":136,"column":3}},"line":126},"14":{"name":"(anonymous_14)","decl":{"start":{"line":138,"column":2},"end":{"line":138,"column":3}},"loc":{"start":{"line":138,"column":31},"end":{"line":153,"column":3}},"line":138},"15":{"name":"(anonymous_15)","decl":{"start":{"line":155,"column":2},"end":{"line":155,"column":3}},"loc":{"start":{"line":155,"column":21},"end":{"line":166,"column":3}},"line":155},"16":{"name":"(anonymous_16)","decl":{"start":{"line":168,"column":2},"end":{"line":168,"column":3}},"loc":{"start":{"line":168,"column":19},"end":{"line":184,"column":3}},"line":168},"17":{"name":"(anonymous_17)","decl":{"start":{"line":186,"column":2},"end":{"line":186,"column":3}},"loc":{"start":{"line":186,"column":19},"end":{"line":202,"column":3}},"line":186},"18":{"name":"(anonymous_18)","decl":{"start":{"line":204,"column":2},"end":{"line":204,"column":3}},"loc":{"start":{"line":204,"column":26},"end":{"line":262,"column":3}},"line":204},"19":{"name":"(anonymous_19)","decl":{"start":{"line":264,"column":2},"end":{"line":264,"column":3}},"loc":{"start":{"line":264,"column":21},"end":{"line":277,"column":3}},"line":264},"20":{"name":"(anonymous_20)","decl":{"start":{"line":279,"column":2},"end":{"line":279,"column":3}},"loc":{"start":{"line":279,"column":23},"end":{"line":284,"column":3}},"line":279},"21":{"name":"(anonymous_21)","decl":{"start":{"line":286,"column":2},"end":{"line":286,"column":3}},"loc":{"start":{"line":286,"column":24},"end":{"line":291,"column":3}},"line":286},"22":{"name":"(anonymous_22)","decl":{"start":{"line":293,"column":2},"end":{"line":293,"column":3}},"loc":{"start":{"line":293,"column":26},"end":{"line":298,"column":3}},"line":293},"23":{"name":"(anonymous_23)","decl":{"start":{"line":300,"column":2},"end":{"line":300,"column":3}},"loc":{"start":{"line":300,"column":23},"end":{"line":307,"column":3}},"line":300},"24":{"name":"(anonymous_24)","decl":{"start":{"line":309,"column":2},"end":{"line":309,"column":3}},"loc":{"start":{"line":309,"column":12},"end":{"line":313,"column":3}},"line":309},"25":{"name":"(anonymous_25)","decl":{"start":{"line":315,"column":2},"end":{"line":315,"column":3}},"loc":{"start":{"line":315,"column":8},"end":{"line":318,"column":3}},"line":315},"26":{"name":"(anonymous_26)","decl":{"start":{"line":320,"column":2},"end":{"line":320,"column":3}},"loc":{"start":{"line":320,"column":21},"end":{"line":322,"column":3}},"line":320},"27":{"name":"(anonymous_27)","decl":{"start":{"line":324,"column":2},"end":{"line":324,"column":3}},"loc":{"start":{"line":324,"column":20},"end":{"line":326,"column":3}},"line":324}},"branchMap":{"0":{"loc":{"start":{"line":9,"column":14},"end":{"line":9,"column":26}},"type":"default-arg","locations":[{"start":{"line":9,"column":24},"end":{"line":9,"column":26}}],"line":9},"1":{"loc":{"start":{"line":10,"column":20},"end":{"line":10,"column":58}},"type":"binary-expr","locations":[{"start":{"line":10,"column":20},"end":{"line":10,"column":35}},{"start":{"line":10,"column":39},"end":{"line":10,"column":58}}],"line":10},"2":{"loc":{"start":{"line":11,"column":24},"end":{"line":11,"column":65}},"type":"binary-expr","locations":[{"start":{"line":11,"column":24},"end":{"line":11,"column":43}},{"start":{"line":11,"column":47},"end":{"line":11,"column":65}}],"line":11},"3":{"loc":{"start":{"line":12,"column":26},"end":{"line":12,"column":61}},"type":"binary-expr","locations":[{"start":{"line":12,"column":26},"end":{"line":12,"column":47}},{"start":{"line":12,"column":52},"end":{"line":12,"column":60}}],"line":12},"4":{"loc":{"start":{"line":13,"column":23},"end":{"line":13,"column":55}},"type":"binary-expr","locations":[{"start":{"line":13,"column":23},"end":{"line":13,"column":41}},{"start":{"line":13,"column":46},"end":{"line":13,"column":54}}],"line":13},"5":{"loc":{"start":{"line":14,"column":20},"end":{"line":14,"column":49}},"type":"binary-expr","locations":[{"start":{"line":14,"column":20},"end":{"line":14,"column":35}},{"start":{"line":14,"column":40},"end":{"line":14,"column":48}}],"line":14},"6":{"loc":{"start":{"line":63,"column":4},"end":{"line":63,"column":76}},"type":"if","locations":[{"start":{"line":63,"column":4},"end":{"line":63,"column":76}},{"start":{},"end":{}}],"line":63},"7":{"loc":{"start":{"line":69,"column":4},"end":{"line":75,"column":5}},"type":"if","locations":[{"start":{"line":69,"column":4},"end":{"line":75,"column":5}},{"start":{"line":73,"column":11},"end":{"line":75,"column":5}}],"line":69},"8":{"loc":{"start":{"line":86,"column":4},"end":{"line":89,"column":5}},"type":"if","locations":[{"start":{"line":86,"column":4},"end":{"line":89,"column":5}},{"start":{},"end":{}}],"line":86},"9":{"loc":{"start":{"line":98,"column":6},"end":{"line":106,"column":7}},"type":"if","locations":[{"start":{"line":98,"column":6},"end":{"line":106,"column":7}},{"start":{},"end":{}}],"line":98},"10":{"loc":{"start":{"line":98,"column":10},"end":{"line":98,"column":73}},"type":"binary-expr","locations":[{"start":{"line":98,"column":10},"end":{"line":98,"column":22}},{"start":{"line":98,"column":26},"end":{"line":98,"column":73}}],"line":98},"11":{"loc":{"start":{"line":102,"column":8},"end":{"line":105,"column":9}},"type":"if","locations":[{"start":{"line":102,"column":8},"end":{"line":105,"column":9}},{"start":{},"end":{}}],"line":102},"12":{"loc":{"start":{"line":108,"column":6},"end":{"line":110,"column":7}},"type":"if","locations":[{"start":{"line":108,"column":6},"end":{"line":110,"column":7}},{"start":{},"end":{}}],"line":108},"13":{"loc":{"start":{"line":120,"column":6},"end":{"line":122,"column":7}},"type":"if","locations":[{"start":{"line":120,"column":6},"end":{"line":122,"column":7}},{"start":{},"end":{}}],"line":120},"14":{"loc":{"start":{"line":120,"column":10},"end":{"line":120,"column":105}},"type":"binary-expr","locations":[{"start":{"line":120,"column":10},"end":{"line":120,"column":46}},{"start":{"line":120,"column":50},"end":{"line":120,"column":64}},{"start":{"line":120,"column":68},"end":{"line":120,"column":105}}],"line":120},"15":{"loc":{"start":{"line":132,"column":6},"end":{"line":134,"column":7}},"type":"if","locations":[{"start":{"line":132,"column":6},"end":{"line":134,"column":7}},{"start":{},"end":{}}],"line":132},"16":{"loc":{"start":{"line":132,"column":10},"end":{"line":132,"column":123}},"type":"binary-expr","locations":[{"start":{"line":132,"column":10},"end":{"line":132,"column":24}},{"start":{"line":132,"column":28},"end":{"line":132,"column":64}},{"start":{"line":132,"column":68},"end":{"line":132,"column":82}},{"start":{"line":132,"column":86},"end":{"line":132,"column":123}}],"line":132},"17":{"loc":{"start":{"line":144,"column":6},"end":{"line":147,"column":7}},"type":"if","locations":[{"start":{"line":144,"column":6},"end":{"line":147,"column":7}},{"start":{},"end":{}}],"line":144},"18":{"loc":{"start":{"line":149,"column":6},"end":{"line":151,"column":7}},"type":"if","locations":[{"start":{"line":149,"column":6},"end":{"line":151,"column":7}},{"start":{},"end":{}}],"line":149},"19":{"loc":{"start":{"line":162,"column":6},"end":{"line":164,"column":7}},"type":"if","locations":[{"start":{"line":162,"column":6},"end":{"line":164,"column":7}},{"start":{},"end":{}}],"line":162},"20":{"loc":{"start":{"line":171,"column":4},"end":{"line":174,"column":5}},"type":"if","locations":[{"start":{"line":171,"column":4},"end":{"line":174,"column":5}},{"start":{},"end":{}}],"line":171},"21":{"loc":{"start":{"line":175,"column":4},"end":{"line":177,"column":5}},"type":"if","locations":[{"start":{"line":175,"column":4},"end":{"line":177,"column":5}},{"start":{},"end":{}}],"line":175},"22":{"loc":{"start":{"line":178,"column":4},"end":{"line":183,"column":5}},"type":"if","locations":[{"start":{"line":178,"column":4},"end":{"line":183,"column":5}},{"start":{},"end":{}}],"line":178},"23":{"loc":{"start":{"line":180,"column":6},"end":{"line":182,"column":7}},"type":"if","locations":[{"start":{"line":180,"column":6},"end":{"line":182,"column":7}},{"start":{},"end":{}}],"line":180},"24":{"loc":{"start":{"line":187,"column":4},"end":{"line":190,"column":5}},"type":"if","locations":[{"start":{"line":187,"column":4},"end":{"line":190,"column":5}},{"start":{},"end":{}}],"line":187},"25":{"loc":{"start":{"line":193,"column":6},"end":{"line":195,"column":7}},"type":"if","locations":[{"start":{"line":193,"column":6},"end":{"line":195,"column":7}},{"start":{},"end":{}}],"line":193},"26":{"loc":{"start":{"line":196,"column":6},"end":{"line":198,"column":7}},"type":"if","locations":[{"start":{"line":196,"column":6},"end":{"line":198,"column":7}},{"start":{},"end":{}}],"line":196},"27":{"loc":{"start":{"line":209,"column":8},"end":{"line":221,"column":9}},"type":"if","locations":[{"start":{"line":209,"column":8},"end":{"line":221,"column":9}},{"start":{},"end":{}}],"line":209},"28":{"loc":{"start":{"line":212,"column":10},"end":{"line":219,"column":11}},"type":"if","locations":[{"start":{"line":212,"column":10},"end":{"line":219,"column":11}},{"start":{},"end":{}}],"line":212},"29":{"loc":{"start":{"line":215,"column":12},"end":{"line":218,"column":13}},"type":"if","locations":[{"start":{"line":215,"column":12},"end":{"line":218,"column":13}},{"start":{},"end":{}}],"line":215},"30":{"loc":{"start":{"line":225,"column":4},"end":{"line":238,"column":5}},"type":"if","locations":[{"start":{"line":225,"column":4},"end":{"line":238,"column":5}},{"start":{},"end":{}}],"line":225},"31":{"loc":{"start":{"line":228,"column":8},"end":{"line":236,"column":9}},"type":"if","locations":[{"start":{"line":228,"column":8},"end":{"line":236,"column":9}},{"start":{},"end":{}}],"line":228},"32":{"loc":{"start":{"line":232,"column":10},"end":{"line":234,"column":11}},"type":"if","locations":[{"start":{"line":232,"column":10},"end":{"line":234,"column":11}},{"start":{},"end":{}}],"line":232},"33":{"loc":{"start":{"line":240,"column":4},"end":{"line":251,"column":5}},"type":"if","locations":[{"start":{"line":240,"column":4},"end":{"line":251,"column":5}},{"start":{},"end":{}}],"line":240},"34":{"loc":{"start":{"line":242,"column":8},"end":{"line":249,"column":9}},"type":"if","locations":[{"start":{"line":242,"column":8},"end":{"line":249,"column":9}},{"start":{},"end":{}}],"line":242},"35":{"loc":{"start":{"line":245,"column":10},"end":{"line":247,"column":11}},"type":"if","locations":[{"start":{"line":245,"column":10},"end":{"line":247,"column":11}},{"start":{},"end":{}}],"line":245},"36":{"loc":{"start":{"line":255,"column":6},"end":{"line":258,"column":7}},"type":"if","locations":[{"start":{"line":255,"column":6},"end":{"line":258,"column":7}},{"start":{},"end":{}}],"line":255},"37":{"loc":{"start":{"line":265,"column":4},"end":{"line":276,"column":5}},"type":"switch","locations":[{"start":{"line":266,"column":6},"end":{"line":268,"column":14}},{"start":{"line":269,"column":6},"end":{"line":271,"column":14}},{"start":{"line":272,"column":6},"end":{"line":275,"column":14}}],"line":265},"38":{"loc":{"start":{"line":280,"column":4},"end":{"line":283,"column":5}},"type":"if","locations":[{"start":{"line":280,"column":4},"end":{"line":283,"column":5}},{"start":{},"end":{}}],"line":280},"39":{"loc":{"start":{"line":287,"column":4},"end":{"line":290,"column":5}},"type":"if","locations":[{"start":{"line":287,"column":4},"end":{"line":290,"column":5}},{"start":{},"end":{}}],"line":287},"40":{"loc":{"start":{"line":294,"column":4},"end":{"line":297,"column":5}},"type":"if","locations":[{"start":{"line":294,"column":4},"end":{"line":297,"column":5}},{"start":{},"end":{}}],"line":294},"41":{"loc":{"start":{"line":325,"column":11},"end":{"line":325,"column":133}},"type":"binary-expr","locations":[{"start":{"line":325,"column":11},"end":{"line":325,"column":38}},{"start":{"line":325,"column":42},"end":{"line":325,"column":133}}],"line":325}},"s":{"0":3,"1":3,"2":3,"3":3,"4":56,"5":56,"6":56,"7":56,"8":56,"9":56,"10":59,"11":59,"12":59,"13":59,"14":59,"15":59,"16":59,"17":59,"18":59,"19":59,"20":59,"21":59,"22":59,"23":59,"24":59,"25":59,"26":59,"27":59,"28":59,"29":59,"30":59,"31":59,"32":500,"33":500,"34":2104,"35":1102,"36":4,"37":4,"38":4,"39":1,"40":3,"41":3,"42":3,"43":3,"44":2,"45":2,"46":2,"47":1,"48":2,"49":2,"50":2,"51":2,"52":2,"53":2,"54":1,"55":1,"56":1104,"57":1104,"58":1104,"59":54815,"60":54815,"61":54815,"62":481,"63":481,"64":481,"65":481,"66":481,"67":481,"68":54815,"69":474,"70":102,"71":102,"72":2109,"73":2109,"74":2109,"75":2109,"76":101,"77":0,"78":0,"79":0,"80":0,"81":0,"82":0,"83":0,"84":1102,"85":1102,"86":1102,"87":45932,"88":45932,"89":45932,"90":200,"91":200,"92":45932,"93":487,"94":1000,"95":1000,"96":1000,"97":42117,"98":42117,"99":42117,"100":42117,"101":478,"102":1001,"103":1001,"104":60,"105":60,"106":1001,"107":60,"108":1001,"109":61,"110":61,"111":2,"112":1005,"113":2,"114":2,"115":1003,"116":20002,"117":1,"118":20001,"119":0,"120":1002,"121":109,"122":109,"123":3005,"124":3005,"125":3005,"126":90015,"127":90015,"128":3,"129":3,"130":3,"131":3,"132":3,"133":3,"134":3,"135":3,"136":3,"137":109,"138":107,"139":107,"140":2,"141":2,"142":2,"143":2,"144":2,"145":2,"146":1,"147":1,"148":108,"149":105,"150":3004,"151":0,"152":0,"153":0,"154":0,"155":0,"156":108,"157":108,"158":2,"159":2,"160":2,"161":2,"162":108,"163":9,"164":4,"165":4,"166":2,"167":2,"168":3,"169":3,"170":3,"171":1001,"172":500,"173":500,"174":1001,"175":500,"176":500,"177":1001,"178":500,"179":500,"180":2,"181":2,"182":2,"183":2,"184":2,"185":2,"186":3,"187":3,"188":3,"189":2,"190":2,"191":2,"192":2,"193":3},"f":{"0":56,"1":481,"2":3,"3":1,"4":59,"5":500,"6":2104,"7":1102,"8":4,"9":4,"10":2,"11":1104,"12":102,"13":0,"14":1102,"15":1000,"16":1001,"17":1005,"18":109,"19":9,"20":1001,"21":1001,"22":1001,"23":2,"24":3,"25":2,"26":2,"27":2},"b":{"0":[0],"1":[56,0],"2":[56,56],"3":[56,56],"4":[56,56],"5":[56,55],"6":[1,3],"7":[2,1],"8":[1,1],"9":[481,54334],"10":[54815,44770],"11":[481,0],"12":[474,54341],"13":[101,2008],"14":[2109,2008,2008],"15":[0,0],"16":[0,0,0,0],"17":[200,45732],"18":[487,45445],"19":[478,41639],"20":[60,941],"21":[60,941],"22":[61,940],"23":[2,59],"24":[2,1003],"25":[1,20001],"26":[0,20001],"27":[3,90012],"28":[3,0],"29":[3,0],"30":[107,2],"31":[2,0],"32":[1,1],"33":[105,3],"34":[0,3004],"35":[0,0],"36":[2,0],"37":[4,2,3],"38":[500,501],"39":[500,501],"40":[500,501],"41":[2,2]},"_coverageSchema":"1a1c01bbd47fc00a2c39e90264f33305004495a9","hash":"293dce1ee85354ccabb75a94aa31eb33bc06d8a3"}
,"/Volumes/T7 Shield/Files/Projects/VIBES/flappy_bird/src/math.js": {"path":"/Volumes/T7 Shield/Files/Projects/VIBES/flappy_bird/src/math.js","statementMap":{"0":{"start":{"line":4,"column":2},"end":{"line":4,"column":43}},"1":{"start":{"line":8,"column":13},"end":{"line":8,"column":20}},"2":{"start":{"line":9,"column":13},"end":{"line":9,"column":20}},"3":{"start":{"line":10,"column":2},"end":{"line":10,"column":38}},"4":{"start":{"line":14,"column":13},"end":{"line":14,"column":20}},"5":{"start":{"line":15,"column":13},"end":{"line":15,"column":20}},"6":{"start":{"line":16,"column":2},"end":{"line":16,"column":27}},"7":{"start":{"line":20,"column":2},"end":{"line":20,"column":35}},"8":{"start":{"line":24,"column":2},"end":{"line":24,"column":28}},"9":{"start":{"line":24,"column":19},"end":{"line":24,"column":28}},"10":{"start":{"line":25,"column":2},"end":{"line":25,"column":37}},"11":{"start":{"line":29,"column":2},"end":{"line":29,"column":43}},"12":{"start":{"line":33,"column":2},"end":{"line":33,"column":47}},"13":{"start":{"line":37,"column":2},"end":{"line":37,"column":57}},"14":{"start":{"line":41,"column":2},"end":{"line":41,"column":26}},"15":{"start":{"line":41,"column":17},"end":{"line":41,"column":26}},"16":{"start":{"line":42,"column":2},"end":{"line":42,"column":27}},"17":{"start":{"line":42,"column":17},"end":{"line":42,"column":27}},"18":{"start":{"line":43,"column":2},"end":{"line":43,"column":11}},"19":{"start":{"line":46,"column":0},"end":{"line":56,"column":2}}},"fnMap":{"0":{"name":"clamp","decl":{"start":{"line":3,"column":9},"end":{"line":3,"column":14}},"loc":{"start":{"line":3,"column":30},"end":{"line":5,"column":1}},"line":3},"1":{"name":"distance","decl":{"start":{"line":7,"column":9},"end":{"line":7,"column":17}},"loc":{"start":{"line":7,"column":34},"end":{"line":11,"column":1}},"line":7},"2":{"name":"distanceSquared","decl":{"start":{"line":13,"column":9},"end":{"line":13,"column":24}},"loc":{"start":{"line":13,"column":41},"end":{"line":17,"column":1}},"line":13},"3":{"name":"lerp","decl":{"start":{"line":19,"column":9},"end":{"line":19,"column":13}},"loc":{"start":{"line":19,"column":29},"end":{"line":21,"column":1}},"line":19},"4":{"name":"normalize","decl":{"start":{"line":23,"column":9},"end":{"line":23,"column":18}},"loc":{"start":{"line":23,"column":36},"end":{"line":26,"column":1}},"line":23},"5":{"name":"randomRange","decl":{"start":{"line":28,"column":9},"end":{"line":28,"column":20}},"loc":{"start":{"line":28,"column":31},"end":{"line":30,"column":1}},"line":28},"6":{"name":"randomInt","decl":{"start":{"line":32,"column":9},"end":{"line":32,"column":18}},"loc":{"start":{"line":32,"column":29},"end":{"line":34,"column":1}},"line":32},"7":{"name":"randomChoice","decl":{"start":{"line":36,"column":9},"end":{"line":36,"column":21}},"loc":{"start":{"line":36,"column":29},"end":{"line":38,"column":1}},"line":36},"8":{"name":"sign","decl":{"start":{"line":40,"column":9},"end":{"line":40,"column":13}},"loc":{"start":{"line":40,"column":21},"end":{"line":44,"column":1}},"line":40}},"branchMap":{"0":{"loc":{"start":{"line":24,"column":2},"end":{"line":24,"column":28}},"type":"if","locations":[{"start":{"line":24,"column":2},"end":{"line":24,"column":28}},{"start":{},"end":{}}],"line":24},"1":{"loc":{"start":{"line":41,"column":2},"end":{"line":41,"column":26}},"type":"if","locations":[{"start":{"line":41,"column":2},"end":{"line":41,"column":26}},{"start":{},"end":{}}],"line":41},"2":{"loc":{"start":{"line":42,"column":2},"end":{"line":42,"column":27}},"type":"if","locations":[{"start":{"line":42,"column":2},"end":{"line":42,"column":27}},{"start":{},"end":{}}],"line":42}},"s":{"0":80021,"1":3,"2":3,"3":3,"4":2,"5":2,"6":2,"7":4,"8":4,"9":1,"10":3,"11":1704,"12":100,"13":1,"14":3,"15":1,"16":2,"17":1,"18":1,"19":6},"f":{"0":80021,"1":3,"2":2,"3":4,"4":4,"5":1704,"6":100,"7":1,"8":3},"b":{"0":[1,3],"1":[1,2],"2":[1,1]},"_coverageSchema":"1a1c01bbd47fc00a2c39e90264f33305004495a9","hash":"4e953829e40175a7b0a5edd7e812b3fffcf5f508"}
,"/Volumes/T7 Shield/Files/Projects/VIBES/flappy_bird/src/storage.js": {"path":"/Volumes/T7 Shield/Files/Projects/VIBES/flappy_bird/src/storage.js","statementMap":{"0":{"start":{"line":3,"column":23},"end":{"line":3,"column":40}},"1":{"start":{"line":6,"column":2},"end":{"line":11,"column":3}},"2":{"start":{"line":7,"column":4},"end":{"line":7,"column":27}},"3":{"start":{"line":7,"column":18},"end":{"line":7,"column":27}},"4":{"start":{"line":8,"column":4},"end":{"line":8,"column":58}},"5":{"start":{"line":10,"column":4},"end":{"line":10,"column":13}},"6":{"start":{"line":15,"column":2},"end":{"line":20,"column":3}},"7":{"start":{"line":16,"column":4},"end":{"line":16,"column":25}},"8":{"start":{"line":16,"column":18},"end":{"line":16,"column":25}},"9":{"start":{"line":17,"column":4},"end":{"line":17,"column":41}},"10":{"start":{"line":24,"column":2},"end":{"line":29,"column":3}},"11":{"start":{"line":25,"column":4},"end":{"line":25,"column":25}},"12":{"start":{"line":25,"column":18},"end":{"line":25,"column":25}},"13":{"start":{"line":26,"column":4},"end":{"line":26,"column":39}},"14":{"start":{"line":32,"column":0},"end":{"line":37,"column":2}}},"fnMap":{"0":{"name":"loadHighScore","decl":{"start":{"line":5,"column":9},"end":{"line":5,"column":22}},"loc":{"start":{"line":5,"column":54},"end":{"line":12,"column":1}},"line":5},"1":{"name":"saveHighScore","decl":{"start":{"line":14,"column":9},"end":{"line":14,"column":22}},"loc":{"start":{"line":14,"column":59},"end":{"line":21,"column":1}},"line":14},"2":{"name":"clearHighScore","decl":{"start":{"line":23,"column":9},"end":{"line":23,"column":23}},"loc":{"start":{"line":23,"column":55},"end":{"line":30,"column":1}},"line":23}},"branchMap":{"0":{"loc":{"start":{"line":5,"column":23},"end":{"line":5,"column":52}},"type":"default-arg","locations":[{"start":{"line":5,"column":33},"end":{"line":5,"column":52}}],"line":5},"1":{"loc":{"start":{"line":7,"column":4},"end":{"line":7,"column":27}},"type":"if","locations":[{"start":{"line":7,"column":4},"end":{"line":7,"column":27}},{"start":{},"end":{}}],"line":7},"2":{"loc":{"start":{"line":8,"column":11},"end":{"line":8,"column":57}},"type":"binary-expr","locations":[{"start":{"line":8,"column":11},"end":{"line":8,"column":52}},{"start":{"line":8,"column":56},"end":{"line":8,"column":57}}],"line":8},"3":{"loc":{"start":{"line":14,"column":28},"end":{"line":14,"column":57}},"type":"default-arg","locations":[{"start":{"line":14,"column":38},"end":{"line":14,"column":57}}],"line":14},"4":{"loc":{"start":{"line":16,"column":4},"end":{"line":16,"column":25}},"type":"if","locations":[{"start":{"line":16,"column":4},"end":{"line":16,"column":25}},{"start":{},"end":{}}],"line":16},"5":{"loc":{"start":{"line":23,"column":24},"end":{"line":23,"column":53}},"type":"default-arg","locations":[{"start":{"line":23,"column":34},"end":{"line":23,"column":53}}],"line":23},"6":{"loc":{"start":{"line":25,"column":4},"end":{"line":25,"column":25}},"type":"if","locations":[{"start":{"line":25,"column":4},"end":{"line":25,"column":25}},{"start":{},"end":{}}],"line":25}},"s":{"0":4,"1":64,"2":64,"3":1,"4":63,"5":1,"6":487,"7":487,"8":1,"9":486,"10":1,"11":1,"12":0,"13":1,"14":4},"f":{"0":64,"1":487,"2":1},"b":{"0":[0],"1":[1,63],"2":[63,61],"3":[0],"4":[1,486],"5":[0],"6":[0,1]},"_coverageSchema":"1a1c01bbd47fc00a2c39e90264f33305004495a9","hash":"5d62ef9a4b97e64bd8d85ebde58b7ba564ba34af"}
}
