TN:
SF:src/collision.js
FN:5,circleRectCollision
FN:13,circleCircleCollision
FN:21,rectRectCollision
FN:25,pointInRect
FN:29,pointInCircle
FNF:5
FNH:5
FNDA:40008,circleRectCollision
FNDA:93027,circleCircleCollision
FNDA:4,rectRectCollision
FNDA:3,pointInRect
FNDA:3,pointInCircle
DA:3,4
DA:6,40008
DA:7,40008
DA:8,40008
DA:9,40008
DA:10,40008
DA:14,93027
DA:15,93027
DA:16,93027
DA:17,93027
DA:18,93027
DA:22,4
DA:26,3
DA:30,3
DA:31,3
DA:32,3
DA:35,4
LF:17
LH:17
BRDA:22,0,0,4
BRDA:22,0,1,4
BRDA:22,0,2,3
BRDA:22,0,3,3
BRDA:26,1,0,3
BRDA:26,1,1,3
BRDA:26,1,2,2
BRDA:26,1,3,2
BRF:8
BRH:8
end_of_record
TN:
SF:src/constants.js
FNF:0
FNH:0
DA:3,5
DA:4,5
DA:6,5
DA:7,5
DA:8,5
DA:9,5
DA:11,5
DA:12,5
DA:13,5
DA:14,5
DA:16,5
DA:17,5
DA:18,5
DA:20,5
DA:21,5
DA:23,5
DA:24,5
DA:25,5
DA:26,5
DA:28,5
DA:29,5
DA:30,5
DA:31,5
DA:32,5
DA:34,5
DA:35,5
DA:36,5
DA:37,5
DA:38,5
DA:39,5
DA:41,5
DA:42,5
DA:43,5
DA:44,5
DA:45,5
DA:46,5
DA:47,5
DA:48,5
DA:49,5
DA:50,5
DA:51,5
DA:52,5
DA:53,5
DA:55,5
DA:56,5
DA:57,5
DA:58,5
DA:59,5
DA:60,5
DA:61,5
DA:62,5
DA:64,5
DA:70,5
DA:72,5
LF:54
LH:54
BRF:0
BRH:0
end_of_record
TN:
SF:src/entities.js
FN:6,createBird
FN:16,createPipe
FN:30,currentGap
FN:34,currentEnemySpeed
FN:38,createPlayerBullet
FN:48,createEnemyBullet
FN:63,createEnemy
FN:78,createPowerup
FN:93,createGameState
FNF:9
FNH:9
FNDA:61,createBird
FNDA:502,createPipe
FNDA:1,currentGap
FNDA:1,currentEnemySpeed
FNDA:9,createPlayerBullet
FNDA:202,createEnemyBullet
FNDA:501,createEnemy
FNDA:501,createPowerup
FNDA:1,createGameState
DA:3,4
DA:4,4
DA:7,61
DA:17,502
DA:18,502
DA:19,502
DA:20,502
DA:22,502
DA:31,1
DA:35,1
DA:39,9
DA:49,202
DA:50,202
DA:51,202
DA:52,202
DA:54,202
DA:64,501
DA:65,501
DA:66,501
DA:68,501
DA:79,501
DA:80,501
DA:81,501
DA:82,501
DA:84,501
DA:94,1
DA:120,4
LF:27
LH:27
BRDA:17,0,0,502
BRDA:17,0,1,0
BRDA:38,1,0,0
BRF:3
BRH:1
end_of_record
TN:
SF:src/gameState.js
FN:9,(anonymous_0)
FN:12,(anonymous_1)
FN:13,(anonymous_2)
FN:14,(anonymous_3)
FN:19,(anonymous_4)
FN:44,(anonymous_5)
FN:49,(anonymous_6)
FN:53,(anonymous_7)
FN:57,(anonymous_8)
FN:62,(anonymous_9)
FN:78,(anonymous_10)
FN:92,(anonymous_11)
FN:114,(anonymous_12)
FN:126,(anonymous_13)
FN:138,(anonymous_14)
FN:155,(anonymous_15)
FN:168,(anonymous_16)
FN:186,(anonymous_17)
FN:204,(anonymous_18)
FN:264,(anonymous_19)
FN:279,(anonymous_20)
FN:286,(anonymous_21)
FN:293,(anonymous_22)
FN:300,(anonymous_23)
FN:309,(anonymous_24)
FN:315,(anonymous_25)
FN:320,(anonymous_26)
FN:324,(anonymous_27)
FNF:28
FNH:27
FNDA:56,(anonymous_0)
FNDA:481,(anonymous_1)
FNDA:3,(anonymous_2)
FNDA:1,(anonymous_3)
FNDA:59,(anonymous_4)
FNDA:500,(anonymous_5)
FNDA:2104,(anonymous_6)
FNDA:1102,(anonymous_7)
FNDA:4,(anonymous_8)
FNDA:4,(anonymous_9)
FNDA:2,(anonymous_10)
FNDA:1104,(anonymous_11)
FNDA:102,(anonymous_12)
FNDA:0,(anonymous_13)
FNDA:1102,(anonymous_14)
FNDA:1000,(anonymous_15)
FNDA:1001,(anonymous_16)
FNDA:1005,(anonymous_17)
FNDA:109,(anonymous_18)
FNDA:9,(anonymous_19)
FNDA:1001,(anonymous_20)
FNDA:1001,(anonymous_21)
FNDA:1001,(anonymous_22)
FNDA:2,(anonymous_23)
FNDA:3,(anonymous_24)
FNDA:2,(anonymous_25)
FNDA:2,(anonymous_26)
FNDA:2,(anonymous_27)
DA:3,3
DA:4,3
DA:5,3
DA:6,3
DA:10,56
DA:11,56
DA:12,56
DA:13,56
DA:14,56
DA:16,56
DA:20,59
DA:21,59
DA:22,59
DA:23,59
DA:24,59
DA:25,59
DA:26,59
DA:27,59
DA:28,59
DA:29,59
DA:30,59
DA:31,59
DA:32,59
DA:33,59
DA:34,59
DA:35,59
DA:36,59
DA:37,59
DA:38,59
DA:39,59
DA:40,59
DA:41,59
DA:45,500
DA:46,500
DA:50,2104
DA:54,1102
DA:58,4
DA:59,4
DA:63,4
DA:65,3
DA:66,3
DA:67,3
DA:69,3
DA:70,2
DA:71,2
DA:72,2
DA:74,1
DA:79,2
DA:80,2
DA:81,2
DA:83,2
DA:84,2
DA:86,2
DA:87,1
DA:88,1
DA:93,1104
DA:94,1104
DA:95,54815
DA:96,54815
DA:98,54815
DA:99,481
DA:100,481
DA:101,481
DA:102,481
DA:103,481
DA:104,481
DA:108,54815
DA:109,474
DA:115,102
DA:116,2109
DA:117,2109
DA:118,2109
DA:120,2109
DA:121,101
DA:127,0
DA:128,0
DA:129,0
DA:130,0
DA:132,0
DA:133,0
DA:139,1102
DA:140,1102
DA:141,45932
DA:142,45932
DA:144,45932
DA:145,200
DA:146,200
DA:149,45932
DA:150,487
DA:156,1000
DA:157,1000
DA:158,42117
DA:159,42117
DA:160,42117
DA:162,42117
DA:163,478
DA:169,1001
DA:171,1001
DA:172,60
DA:173,60
DA:175,1001
DA:176,60
DA:178,1001
DA:179,61
DA:180,61
DA:181,2
DA:187,1005
DA:188,2
DA:189,2
DA:192,1003
DA:193,20002
DA:194,1
DA:196,20001
DA:197,0
DA:201,1002
DA:205,109
DA:206,3005
DA:207,3005
DA:208,90015
DA:209,90015
DA:210,3
DA:211,3
DA:212,3
DA:213,3
DA:214,3
DA:215,3
DA:216,3
DA:217,3
DA:220,3
DA:225,109
DA:226,107
DA:227,2
DA:228,2
DA:229,2
DA:230,2
DA:231,2
DA:232,2
DA:233,1
DA:235,1
DA:240,108
DA:241,105
DA:242,3004
DA:243,0
DA:244,0
DA:245,0
DA:246,0
DA:248,0
DA:253,108
DA:254,2
DA:255,2
DA:256,2
DA:257,2
DA:261,108
DA:265,9
DA:267,4
DA:268,4
DA:270,2
DA:271,2
DA:273,3
DA:274,3
DA:275,3
DA:280,1001
DA:281,500
DA:282,500
DA:287,1001
DA:288,500
DA:289,500
DA:294,1001
DA:295,500
DA:296,500
DA:301,2
DA:302,2
DA:303,2
DA:304,2
DA:305,2
DA:306,2
DA:310,3
DA:311,3
DA:312,3
DA:316,2
DA:317,2
DA:321,2
DA:325,2
DA:329,3
LF:184
LH:172
BRDA:9,0,0,0
BRDA:10,1,0,56
BRDA:10,1,1,0
BRDA:11,2,0,56
BRDA:11,2,1,56
BRDA:12,3,0,56
BRDA:12,3,1,56
BRDA:13,4,0,56
BRDA:13,4,1,56
BRDA:14,5,0,56
BRDA:14,5,1,55
BRDA:63,6,0,1
BRDA:63,6,1,3
BRDA:69,7,0,2
BRDA:69,7,1,1
BRDA:86,8,0,1
BRDA:86,8,1,1
BRDA:98,9,0,481
BRDA:98,9,1,54334
BRDA:98,10,0,54815
BRDA:98,10,1,44770
BRDA:102,11,0,481
BRDA:102,11,1,0
BRDA:108,12,0,474
BRDA:108,12,1,54341
BRDA:120,13,0,101
BRDA:120,13,1,2008
BRDA:120,14,0,2109
BRDA:120,14,1,2008
BRDA:120,14,2,2008
BRDA:132,15,0,0
BRDA:132,15,1,0
BRDA:132,16,0,0
BRDA:132,16,1,0
BRDA:132,16,2,0
BRDA:132,16,3,0
BRDA:144,17,0,200
BRDA:144,17,1,45732
BRDA:149,18,0,487
BRDA:149,18,1,45445
BRDA:162,19,0,478
BRDA:162,19,1,41639
BRDA:171,20,0,60
BRDA:171,20,1,941
BRDA:175,21,0,60
BRDA:175,21,1,941
BRDA:178,22,0,61
BRDA:178,22,1,940
BRDA:180,23,0,2
BRDA:180,23,1,59
BRDA:187,24,0,2
BRDA:187,24,1,1003
BRDA:193,25,0,1
BRDA:193,25,1,20001
BRDA:196,26,0,0
BRDA:196,26,1,20001
BRDA:209,27,0,3
BRDA:209,27,1,90012
BRDA:212,28,0,3
BRDA:212,28,1,0
BRDA:215,29,0,3
BRDA:215,29,1,0
BRDA:225,30,0,107
BRDA:225,30,1,2
BRDA:228,31,0,2
BRDA:228,31,1,0
BRDA:232,32,0,1
BRDA:232,32,1,1
BRDA:240,33,0,105
BRDA:240,33,1,3
BRDA:242,34,0,0
BRDA:242,34,1,3004
BRDA:245,35,0,0
BRDA:245,35,1,0
BRDA:255,36,0,2
BRDA:255,36,1,0
BRDA:265,37,0,4
BRDA:265,37,1,2
BRDA:265,37,2,3
BRDA:280,38,0,500
BRDA:280,38,1,501
BRDA:287,39,0,500
BRDA:287,39,1,501
BRDA:294,40,0,500
BRDA:294,40,1,501
BRDA:325,41,0,2
BRDA:325,41,1,2
BRF:87
BRH:70
end_of_record
TN:
SF:src/math.js
FN:3,clamp
FN:7,distance
FN:13,distanceSquared
FN:19,lerp
FN:23,normalize
FN:28,randomRange
FN:32,randomInt
FN:36,randomChoice
FN:40,sign
FNF:9
FNH:9
FNDA:80021,clamp
FNDA:3,distance
FNDA:2,distanceSquared
FNDA:4,lerp
FNDA:4,normalize
FNDA:1704,randomRange
FNDA:100,randomInt
FNDA:1,randomChoice
FNDA:3,sign
DA:4,80021
DA:8,3
DA:9,3
DA:10,3
DA:14,2
DA:15,2
DA:16,2
DA:20,4
DA:24,4
DA:25,3
DA:29,1704
DA:33,100
DA:37,1
DA:41,3
DA:42,2
DA:43,1
DA:46,6
LF:17
LH:17
BRDA:24,0,0,1
BRDA:24,0,1,3
BRDA:41,1,0,1
BRDA:41,1,1,2
BRDA:42,2,0,1
BRDA:42,2,1,1
BRF:6
BRH:6
end_of_record
TN:
SF:src/storage.js
FN:5,loadHighScore
FN:14,saveHighScore
FN:23,clearHighScore
FNF:3
FNH:3
FNDA:64,loadHighScore
FNDA:487,saveHighScore
FNDA:1,clearHighScore
DA:3,4
DA:6,64
DA:7,64
DA:8,63
DA:10,1
DA:15,487
DA:16,487
DA:17,486
DA:24,1
DA:25,1
DA:26,1
DA:32,4
LF:12
LH:12
BRDA:5,0,0,0
BRDA:7,1,0,1
BRDA:7,1,1,63
BRDA:8,2,0,63
BRDA:8,2,1,61
BRDA:14,3,0,0
BRDA:16,4,0,1
BRDA:16,4,1,486
BRDA:23,5,0,0
BRDA:25,6,0,0
BRDA:25,6,1,1
BRF:11
BRH:7
end_of_record
